\BOOKMARK [1][-]{section.1}{Inleiding}{}% 1
\BOOKMARK [1][-]{section.2}{Bespreking van het totale ontwerp}{}% 2
\BOOKMARK [2][-]{subsection.2.1}{Klassediagram}{section.2}% 3
\BOOKMARK [2][-]{subsection.2.2}{Vereisten}{section.2}% 4
\BOOKMARK [2][-]{subsection.2.3}{Observer en Model-View-Controller}{section.2}% 5
\BOOKMARK [2][-]{subsection.2.4}{Formats voor data opslag en communicatieprotocol}{section.2}% 6
\BOOKMARK [1][-]{section.3}{Discussie per klasse}{}% 7
\BOOKMARK [2][-]{subsection.3.1}{connectFour}{section.3}% 8
\BOOKMARK [3][-]{subsubsection.3.1.1}{Board}{subsection.3.1}% 9
\BOOKMARK [3][-]{subsubsection.3.1.2}{ConnectFourController}{subsection.3.1}% 10
\BOOKMARK [3][-]{subsubsection.3.1.3}{Game}{subsection.3.1}% 11
\BOOKMARK [2][-]{subsection.3.2}{gui}{section.3}% 12
\BOOKMARK [3][-]{subsubsection.3.2.1}{BoardGUI}{subsection.3.2}% 13
\BOOKMARK [3][-]{subsubsection.3.2.2}{ClientGUI}{subsection.3.2}% 14
\BOOKMARK [3][-]{subsubsection.3.2.3}{ServerGUI}{subsection.3.2}% 15
\BOOKMARK [3][-]{subsubsection.3.2.4}{ServerStartGUI}{subsection.3.2}% 16
\BOOKMARK [3][-]{subsubsection.3.2.5}{StartGUI}{subsection.3.2}% 17
\BOOKMARK [2][-]{subsection.3.3}{Players}{section.3}% 18
\BOOKMARK [3][-]{subsubsection.3.3.1}{Player}{subsection.3.3}% 19
\BOOKMARK [3][-]{subsubsection.3.3.2}{HumanPlayer}{subsection.3.3}% 20
\BOOKMARK [3][-]{subsubsection.3.3.3}{ComputerPlayer}{subsection.3.3}% 21
\BOOKMARK [2][-]{subsection.3.4}{server}{section.3}% 22
\BOOKMARK [3][-]{subsubsection.3.4.1}{Client}{subsection.3.4}% 23
\BOOKMARK [3][-]{subsubsection.3.4.2}{ClientHandler}{subsection.3.4}% 24
\BOOKMARK [3][-]{subsubsection.3.4.3}{Server}{subsection.3.4}% 25
\BOOKMARK [3][-]{subsubsection.3.4.4}{ServerGame}{subsection.3.4}% 26
\BOOKMARK [2][-]{subsection.3.5}{tests}{section.3}% 27
\BOOKMARK [2][-]{subsection.3.6}{utils}{section.3}% 28
\BOOKMARK [3][-]{subsubsection.3.6.1}{PlayerColor}{subsection.3.6}% 29
\BOOKMARK [3][-]{subsubsection.3.6.2}{ServerProtocol}{subsection.3.6}% 30
\BOOKMARK [1][-]{section.4}{Testrapport}{}% 31
\BOOKMARK [2][-]{subsection.4.1}{GUI test}{section.4}% 32
\BOOKMARK [3][-]{subsubsection.4.1.1}{BoardGUI}{subsection.4.1}% 33
\BOOKMARK [3][-]{subsubsection.4.1.2}{ClientGUI}{subsection.4.1}% 34
\BOOKMARK [3][-]{subsubsection.4.1.3}{ServerGUI}{subsection.4.1}% 35
\BOOKMARK [3][-]{subsubsection.4.1.4}{ServerStartGUI}{subsection.4.1}% 36
\BOOKMARK [3][-]{subsubsection.4.1.5}{StartGUI}{subsection.4.1}% 37
\BOOKMARK [2][-]{subsection.4.2}{connectFour package}{section.4}% 38
\BOOKMARK [2][-]{subsection.4.3}{Player package}{section.4}% 39
\BOOKMARK [2][-]{subsection.4.4}{Server package}{section.4}% 40
\BOOKMARK [2][-]{subsection.4.5}{System tests}{section.4}% 41
\BOOKMARK [1][-]{section.5}{Metrics report}{}% 42
\BOOKMARK [1][-]{section.6}{Reflectie op de planning}{}% 43
\BOOKMARK [2][-]{subsection.6.1}{Ervaringen week vier}{section.6}% 44
\BOOKMARK [2][-]{subsection.6.2}{Project planning}{section.6}% 45
\BOOKMARK [2][-]{subsection.6.3}{Compensatie voor de verloren tijd}{section.6}% 46
\BOOKMARK [2][-]{subsection.6.4}{Wat ik geleerd heb}{section.6}% 47
\BOOKMARK [2][-]{subsection.6.5}{Mijn advies}{section.6}% 48
\BOOKMARK [1][-]{section.7}{Nawoord}{}% 49
